{"/Users/fnuadnan/Expense-Tracker-BE/index.ts": {"path":"/Users/fnuadnan/Expense-Tracker-BE/index.ts","statementMap":{"0":{"start":{"line":1,"column":0},"end":{"line":1,"column":24}},"1":{"start":{"line":2,"column":0},"end":{"line":2,"column":28}},"2":{"start":{"line":3,"column":0},"end":{"line":3,"column":30}},"3":{"start":{"line":4,"column":0},"end":{"line":4,"column":32}},"4":{"start":{"line":5,"column":0},"end":{"line":5,"column":41}},"5":{"start":{"line":7,"column":0},"end":{"line":7,"column":16}},"6":{"start":{"line":8,"column":12},"end":{"line":8,"column":21}},"7":{"start":{"line":12,"column":0},"end":{"line":15,"column":1}},"8":{"start":{"line":13,"column":2},"end":{"line":13,"column":51}},"9":{"start":{"line":14,"column":2},"end":{"line":14,"column":18}},"10":{"start":{"line":17,"column":0},"end":{"line":20,"column":71}},"11":{"start":{"line":19,"column":14},"end":{"line":19,"column":53}},"12":{"start":{"line":20,"column":18},"end":{"line":20,"column":69}},"13":{"start":{"line":23,"column":0},"end":{"line":23,"column":16}},"14":{"start":{"line":24,"column":0},"end":{"line":24,"column":24}},"15":{"start":{"line":27,"column":0},"end":{"line":27,"column":36}},"16":{"start":{"line":30,"column":13},"end":{"line":30,"column":37}},"17":{"start":{"line":31,"column":15},"end":{"line":32,"column":null}},"18":{"start":{"line":32,"column":2},"end":{"line":32,"column":43}},"19":{"start":{"line":34,"column":0},"end":{"line":34,"column":22}}},"fnMap":{"0":{"name":"(anonymous_1)","decl":{"start":{"line":19,"column":8},"end":{"line":19,"column":11}},"loc":{"start":{"line":19,"column":14},"end":{"line":19,"column":53}}},"1":{"name":"(anonymous_2)","decl":{"start":{"line":20,"column":9},"end":{"line":20,"column":10}},"loc":{"start":{"line":20,"column":18},"end":{"line":20,"column":69}}},"2":{"name":"(anonymous_3)","decl":{"start":{"line":31,"column":32},"end":{"line":31,"column":35}},"loc":{"start":{"line":32,"column":2},"end":{"line":32,"column":43}}}},"branchMap":{"0":{"loc":{"start":{"line":12,"column":0},"end":{"line":15,"column":1}},"type":"if","locations":[{"start":{"line":12,"column":0},"end":{"line":15,"column":1}}]},"1":{"loc":{"start":{"line":30,"column":13},"end":{"line":30,"column":37}},"type":"binary-expr","locations":[{"start":{"line":30,"column":13},"end":{"line":30,"column":29}},{"start":{"line":30,"column":33},"end":{"line":30,"column":37}}]}},"s":{"0":1,"1":1,"2":1,"3":1,"4":1,"5":1,"6":1,"7":1,"8":0,"9":0,"10":1,"11":1,"12":0,"13":1,"14":1,"15":1,"16":1,"17":1,"18":1,"19":1},"f":{"0":1,"1":0,"2":1},"b":{"0":[0],"1":[1,1]}}
,"/Users/fnuadnan/Expense-Tracker-BE/controllers/expenseController.ts": {"path":"/Users/fnuadnan/Expense-Tracker-BE/controllers/expenseController.ts","statementMap":{"0":{"start":{"line":2,"column":0},"end":{"line":2,"column":71}},"1":{"start":{"line":5,"column":20},"end":{"line":15,"column":2}},"2":{"start":{"line":5,"column":58},"end":{"line":15,"column":2}},"3":{"start":{"line":6,"column":2},"end":{"line":14,"column":3}},"4":{"start":{"line":7,"column":21},"end":{"line":7,"column":41}},"5":{"start":{"line":8,"column":4},"end":{"line":8,"column":35}},"6":{"start":{"line":10,"column":4},"end":{"line":10,"column":69}},"7":{"start":{"line":11,"column":4},"end":{"line":13,"column":69}},"8":{"start":{"line":82,"column":37},"end":{"line":82,"column":48}},"9":{"start":{"line":18,"column":19},"end":{"line":33,"column":2}},"10":{"start":{"line":18,"column":57},"end":{"line":33,"column":2}},"11":{"start":{"line":19,"column":2},"end":{"line":32,"column":3}},"12":{"start":{"line":20,"column":20},"end":{"line":20,"column":57}},"13":{"start":{"line":21,"column":4},"end":{"line":24,"column":61}},"14":{"start":{"line":22,"column":6},"end":{"line":24,"column":61}},"15":{"start":{"line":26,"column":4},"end":{"line":26,"column":22}},"16":{"start":{"line":28,"column":4},"end":{"line":28,"column":68}},"17":{"start":{"line":29,"column":4},"end":{"line":31,"column":68}},"18":{"start":{"line":82,"column":25},"end":{"line":82,"column":35}},"19":{"start":{"line":36,"column":20},"end":{"line":58,"column":2}},"20":{"start":{"line":36,"column":58},"end":{"line":58,"column":2}},"21":{"start":{"line":37,"column":2},"end":{"line":57,"column":3}},"22":{"start":{"line":38,"column":19},"end":{"line":38,"column":44}},"23":{"start":{"line":39,"column":4},"end":{"line":42,"column":70}},"24":{"start":{"line":40,"column":6},"end":{"line":42,"column":70}},"25":{"start":{"line":44,"column":20},"end":{"line":48,"column":6}},"26":{"start":{"line":49,"column":4},"end":{"line":49,"column":25}},"27":{"start":{"line":51,"column":4},"end":{"line":51,"column":34}},"28":{"start":{"line":53,"column":4},"end":{"line":53,"column":69}},"29":{"start":{"line":54,"column":4},"end":{"line":56,"column":71}},"30":{"start":{"line":82,"column":50},"end":{"line":82,"column":61}},"31":{"start":{"line":61,"column":23},"end":{"line":80,"column":2}},"32":{"start":{"line":61,"column":61},"end":{"line":80,"column":2}},"33":{"start":{"line":62,"column":2},"end":{"line":79,"column":3}},"34":{"start":{"line":64,"column":20},"end":{"line":64,"column":74}},"35":{"start":{"line":67,"column":4},"end":{"line":70,"column":61}},"36":{"start":{"line":68,"column":6},"end":{"line":70,"column":61}},"37":{"start":{"line":72,"column":4},"end":{"line":75,"column":7}},"38":{"start":{"line":77,"column":4},"end":{"line":77,"column":52}},"39":{"start":{"line":78,"column":4},"end":{"line":78,"column":80}},"40":{"start":{"line":82,"column":9},"end":{"line":82,"column":23}}},"fnMap":{"0":{"name":"(anonymous_7)","decl":{"start":{"line":5,"column":20},"end":{"line":5,"column":27}},"loc":{"start":{"line":5,"column":58},"end":{"line":15,"column":2}}},"1":{"name":"(anonymous_8)","decl":{"start":{"line":5,"column":58},"end":{"line":5,"column":null}},"loc":{"start":{"line":5,"column":58},"end":{"line":15,"column":1}}},"2":{"name":"(anonymous_9)","decl":{"start":{"line":18,"column":19},"end":{"line":18,"column":26}},"loc":{"start":{"line":18,"column":57},"end":{"line":33,"column":2}}},"3":{"name":"(anonymous_10)","decl":{"start":{"line":18,"column":57},"end":{"line":18,"column":null}},"loc":{"start":{"line":18,"column":57},"end":{"line":33,"column":1}}},"4":{"name":"(anonymous_11)","decl":{"start":{"line":36,"column":20},"end":{"line":36,"column":27}},"loc":{"start":{"line":36,"column":58},"end":{"line":58,"column":2}}},"5":{"name":"(anonymous_12)","decl":{"start":{"line":36,"column":58},"end":{"line":36,"column":null}},"loc":{"start":{"line":36,"column":58},"end":{"line":58,"column":1}}},"6":{"name":"(anonymous_13)","decl":{"start":{"line":61,"column":23},"end":{"line":61,"column":30}},"loc":{"start":{"line":61,"column":61},"end":{"line":80,"column":2}}},"7":{"name":"(anonymous_14)","decl":{"start":{"line":61,"column":61},"end":{"line":61,"column":null}},"loc":{"start":{"line":61,"column":61},"end":{"line":80,"column":1}}}},"branchMap":{"0":{"loc":{"start":{"line":21,"column":4},"end":{"line":24,"column":61}},"type":"if","locations":[{"start":{"line":21,"column":4},"end":{"line":24,"column":61}}]},"1":{"loc":{"start":{"line":39,"column":4},"end":{"line":42,"column":70}},"type":"if","locations":[{"start":{"line":39,"column":4},"end":{"line":42,"column":70}}]},"2":{"loc":{"start":{"line":67,"column":4},"end":{"line":70,"column":61}},"type":"if","locations":[{"start":{"line":67,"column":4},"end":{"line":70,"column":61}}]}},"s":{"0":1,"1":1,"2":1,"3":1,"4":1,"5":1,"6":0,"7":0,"8":1,"9":1,"10":1,"11":1,"12":1,"13":1,"14":0,"15":1,"16":0,"17":0,"18":1,"19":1,"20":3,"21":3,"22":3,"23":3,"24":1,"25":2,"26":2,"27":2,"28":0,"29":0,"30":1,"31":1,"32":3,"33":3,"34":3,"35":3,"36":1,"37":2,"38":0,"39":0,"40":1},"f":{"0":1,"1":1,"2":1,"3":1,"4":3,"5":3,"6":3,"7":3},"b":{"0":[0],"1":[1],"2":[1]}}
,"/Users/fnuadnan/Expense-Tracker-BE/middleware/validateObjectId.ts": {"path":"/Users/fnuadnan/Expense-Tracker-BE/middleware/validateObjectId.ts","statementMap":{"0":{"start":{"line":2,"column":0},"end":{"line":2,"column":32}},"1":{"start":{"line":5,"column":2},"end":{"line":10,"column":4}},"2":{"start":{"line":6,"column":4},"end":{"line":7,"column":62}},"3":{"start":{"line":7,"column":6},"end":{"line":7,"column":62}},"4":{"start":{"line":9,"column":4},"end":{"line":9,"column":11}},"5":{"start":{"line":13,"column":0},"end":{"line":13,"column":32}}},"fnMap":{"0":{"name":"validateObjectId","decl":{"start":{"line":4,"column":9},"end":{"line":4,"column":25}},"loc":{"start":{"line":4,"column":43},"end":{"line":11,"column":1}}},"1":{"name":"(anonymous_2)","decl":{"start":{"line":5,"column":9},"end":{"line":5,"column":10}},"loc":{"start":{"line":5,"column":61},"end":{"line":10,"column":3}}}},"branchMap":{"0":{"loc":{"start":{"line":6,"column":4},"end":{"line":7,"column":62}},"type":"if","locations":[{"start":{"line":6,"column":4},"end":{"line":7,"column":62}}]}},"s":{"0":2,"1":4,"2":8,"3":3,"4":5,"5":2},"f":{"0":4,"1":8},"b":{"0":[3]}}
,"/Users/fnuadnan/Expense-Tracker-BE/models/Expense.ts": {"path":"/Users/fnuadnan/Expense-Tracker-BE/models/Expense.ts","statementMap":{"0":{"start":{"line":1,"column":0},"end":{"line":1,"column":32}},"1":{"start":{"line":2,"column":0},"end":{"line":2,"column":24}},"2":{"start":{"line":13,"column":22},"end":{"line":29,"column":2}},"3":{"start":{"line":48,"column":18},"end":{"line":48,"column":31}},"4":{"start":{"line":32,"column":16},"end":{"line":32,"column":66}},"5":{"start":{"line":48,"column":33},"end":{"line":48,"column":40}},"6":{"start":{"line":36,"column":17},"end":{"line":44,"column":4}},"7":{"start":{"line":42,"column":23},"end":{"line":42,"column":58}},"8":{"start":{"line":45,"column":2},"end":{"line":45,"column":35}},"9":{"start":{"line":48,"column":42},"end":{"line":48,"column":57}}},"fnMap":{"0":{"name":"validateExpense","decl":{"start":{"line":35,"column":9},"end":{"line":35,"column":24}},"loc":{"start":{"line":35,"column":42},"end":{"line":46,"column":1}}},"1":{"name":"(anonymous_2)","decl":{"start":{"line":42,"column":16},"end":{"line":42,"column":19}},"loc":{"start":{"line":42,"column":23},"end":{"line":42,"column":58}}}},"branchMap":{},"s":{"0":1,"1":1,"2":1,"3":1,"4":1,"5":1,"6":3,"7":1,"8":3,"9":1},"f":{"0":3,"1":1},"b":{}}
,"/Users/fnuadnan/Expense-Tracker-BE/routes/expenses.ts": {"path":"/Users/fnuadnan/Expense-Tracker-BE/routes/expenses.ts","statementMap":{"0":{"start":{"line":1,"column":0},"end":{"line":1,"column":30}},"1":{"start":{"line":2,"column":0},"end":{"line":2,"column":null}},"2":{"start":{"line":8,"column":0},"end":{"line":8,"column":62}},"3":{"start":{"line":10,"column":15},"end":{"line":10,"column":31}},"4":{"start":{"line":12,"column":0},"end":{"line":12,"column":29}},"5":{"start":{"line":14,"column":0},"end":{"line":14,"column":58}},"6":{"start":{"line":16,"column":0},"end":{"line":16,"column":30}},"7":{"start":{"line":18,"column":0},"end":{"line":18,"column":65}},"8":{"start":{"line":20,"column":0},"end":{"line":20,"column":22}}},"fnMap":{},"branchMap":{},"s":{"0":1,"1":1,"2":1,"3":1,"4":1,"5":1,"6":1,"7":1,"8":1},"f":{},"b":{}}
}
