TN:
SF:index.ts
FN:19,(anonymous_1)
FN:20,(anonymous_2)
FN:31,(anonymous_3)
FNF:3
FNH:2
FNDA:1,(anonymous_1)
FNDA:0,(anonymous_2)
FNDA:1,(anonymous_3)
DA:1,1
DA:2,1
DA:3,1
DA:4,1
DA:5,1
DA:7,1
DA:8,1
DA:12,1
DA:13,0
DA:14,0
DA:17,1
DA:19,1
DA:20,0
DA:23,1
DA:24,1
DA:27,1
DA:30,1
DA:31,1
DA:32,1
DA:34,1
LF:20
LH:17
BRDA:12,0,0,0
BRDA:30,1,0,1
BRDA:30,1,1,1
BRF:3
BRH:2
end_of_record
TN:
SF:controllers/expenseController.ts
FN:5,(anonymous_7)
FN:5,(anonymous_8)
FN:18,(anonymous_9)
FN:18,(anonymous_10)
FN:36,(anonymous_11)
FN:36,(anonymous_12)
FN:61,(anonymous_13)
FN:61,(anonymous_14)
FNF:8
FNH:8
FNDA:1,(anonymous_7)
FNDA:1,(anonymous_8)
FNDA:1,(anonymous_9)
FNDA:1,(anonymous_10)
FNDA:3,(anonymous_11)
FNDA:3,(anonymous_12)
FNDA:3,(anonymous_13)
FNDA:3,(anonymous_14)
DA:2,1
DA:5,1
DA:6,1
DA:7,1
DA:8,1
DA:10,0
DA:11,0
DA:18,1
DA:19,1
DA:20,1
DA:21,1
DA:22,0
DA:26,1
DA:28,0
DA:29,0
DA:36,3
DA:37,3
DA:38,3
DA:39,3
DA:40,1
DA:44,2
DA:49,2
DA:51,2
DA:53,0
DA:54,0
DA:61,3
DA:62,3
DA:64,3
DA:67,3
DA:68,1
DA:72,2
DA:77,0
DA:78,0
DA:82,1
LF:34
LH:25
BRDA:21,0,0,0
BRDA:39,1,0,1
BRDA:67,2,0,1
BRF:3
BRH:2
end_of_record
TN:
SF:middleware/validateObjectId.ts
FN:4,validateObjectId
FN:5,(anonymous_2)
FNF:2
FNH:2
FNDA:4,validateObjectId
FNDA:8,(anonymous_2)
DA:2,2
DA:5,4
DA:6,8
DA:7,3
DA:9,5
DA:13,2
LF:6
LH:6
BRDA:6,0,0,3
BRF:1
BRH:1
end_of_record
TN:
SF:models/Expense.ts
FN:35,validateExpense
FN:42,(anonymous_2)
FNF:2
FNH:2
FNDA:3,validateExpense
FNDA:1,(anonymous_2)
DA:1,1
DA:2,1
DA:13,1
DA:32,1
DA:36,3
DA:42,1
DA:45,3
DA:48,1
LF:8
LH:8
BRF:0
BRH:0
end_of_record
TN:
SF:routes/expenses.ts
FNF:0
FNH:0
DA:1,1
DA:2,1
DA:8,1
DA:10,1
DA:12,1
DA:14,1
DA:16,1
DA:18,1
DA:20,1
LF:9
LH:9
BRF:0
BRH:0
end_of_record
